<?xml version="1.0" encoding="UTF-8"?>
<testng-results ignored="0" total="2" passed="1" failed="1" skipped="0">
  <reporter-output>
  </reporter-output>
  <suite started-at="2023-07-07T09:55:02 IST" name="Default suite" finished-at="2023-07-07T09:55:02 IST" duration-ms="101">
    <groups>
    </groups>
    <test started-at="2023-07-07T09:55:02 IST" name="Default test" finished-at="2023-07-07T09:55:02 IST" duration-ms="101">
      <class name="vtiger.Practice.DproviderPractice">
        <test-method signature="getdatafromdprovider(java.lang.String,int,java.lang.String,int)[pri:0, instance:vtiger.Practice.DproviderPractice@6fd83fc1]" started-at="2023-07-07T09:55:02 IST" name="getdatafromdprovider" data-provider="getdata" finished-at="2023-07-07T09:55:02 IST" duration-ms="46" status="FAIL">
          <exception class="org.testng.internal.reflect.MethodMatcherException">
            <message>
              <![CDATA[
[public void vtiger.Practice.DproviderPractice.getdatafromdprovider(java.lang.String,int,java.lang.String,int)] has no parameters defined but was found to be using a data provider (either explicitly specified or inherited from class level annotation).
Data provider mismatch
Method: getdatafromdprovider([Parameter{index=0, type=java.lang.String, declaredAnnotations=[]}, Parameter{index=1, type=int, declaredAnnotations=[]}, Parameter{index=2, type=java.lang.String, declaredAnnotations=[]}, Parameter{index=3, type=int, declaredAnnotations=[]}])
Arguments: [(java.lang.String) naveen,(java.lang.String) 123,(java.lang.String) hindi,(java.lang.Integer) 50]]]>
            </message>
            <full-stacktrace>
              <![CDATA[org.testng.internal.reflect.MethodMatcherException: 
[public void vtiger.Practice.DproviderPractice.getdatafromdprovider(java.lang.String,int,java.lang.String,int)] has no parameters defined but was found to be using a data provider (either explicitly specified or inherited from class level annotation).
Data provider mismatch
Method: getdatafromdprovider([Parameter{index=0, type=java.lang.String, declaredAnnotations=[]}, Parameter{index=1, type=int, declaredAnnotations=[]}, Parameter{index=2, type=java.lang.String, declaredAnnotations=[]}, Parameter{index=3, type=int, declaredAnnotations=[]}])
Arguments: [(java.lang.String) naveen,(java.lang.String) 123,(java.lang.String) hindi,(java.lang.Integer) 50]
at org.testng.internal.reflect.DataProviderMethodMatcher.getConformingArguments(DataProviderMethodMatcher.java:43)
at org.testng.internal.Parameters.injectParameters(Parameters.java:914)
at org.testng.internal.MethodRunner.runInSequence(MethodRunner.java:34)
at org.testng.internal.TestInvoker$MethodInvocationAgent.invoke(TestInvoker.java:824)
at org.testng.internal.TestInvoker.invokeTestMethods(TestInvoker.java:146)
at org.testng.internal.TestMethodWorker.invokeTestMethods(TestMethodWorker.java:146)
at org.testng.internal.TestMethodWorker.run(TestMethodWorker.java:128)
at java.base/java.util.ArrayList.forEach(ArrayList.java:1511)
at org.testng.TestRunner.privateRun(TestRunner.java:794)
at org.testng.TestRunner.run(TestRunner.java:596)
at org.testng.SuiteRunner.runTest(SuiteRunner.java:377)
at org.testng.SuiteRunner.runSequentially(SuiteRunner.java:371)
at org.testng.SuiteRunner.privateRun(SuiteRunner.java:332)
at org.testng.SuiteRunner.run(SuiteRunner.java:276)
at org.testng.SuiteRunnerWorker.runSuite(SuiteRunnerWorker.java:53)
at org.testng.SuiteRunnerWorker.run(SuiteRunnerWorker.java:96)
at org.testng.TestNG.runSuitesSequentially(TestNG.java:1212)
at org.testng.TestNG.runSuitesLocally(TestNG.java:1134)
at org.testng.TestNG.runSuites(TestNG.java:1063)
at org.testng.TestNG.run(TestNG.java:1031)
at org.testng.remote.AbstractRemoteTestNG.run(AbstractRemoteTestNG.java:115)
at org.testng.remote.RemoteTestNG.initAndRun(RemoteTestNG.java:251)
at org.testng.remote.RemoteTestNG.main(RemoteTestNG.java:77)
]]>
            </full-stacktrace>
          </exception> <!-- org.testng.internal.reflect.MethodMatcherException -->
          <reporter-output>
          </reporter-output>
        </test-method> <!-- getdatafromdprovider -->
        <test-method signature="getdatafromdprovider(java.lang.String,int,java.lang.String,int)[pri:0, instance:vtiger.Practice.DproviderPractice@6fd83fc1]" started-at="2023-07-07T09:55:02 IST" name="getdatafromdprovider" data-provider="getdata" finished-at="2023-07-07T09:55:02 IST" duration-ms="10" status="PASS">
          <params>
            <param index="0">
              <value>
                <![CDATA[praveen]]>
              </value>
            </param>
            <param index="1">
              <value>
                <![CDATA[231]]>
              </value>
            </param>
            <param index="2">
              <value>
                <![CDATA[maths]]>
              </value>
            </param>
            <param index="3">
              <value>
                <![CDATA[100]]>
              </value>
            </param>
          </params>
          <reporter-output>
          </reporter-output>
        </test-method> <!-- getdatafromdprovider -->
      </class> <!-- vtiger.Practice.DproviderPractice -->
    </test> <!-- Default test -->
  </suite> <!-- Default suite -->
</testng-results>
